<?xml version="1.0" encoding="UTF-8" ?>
<testsuite errors="0" failures="0" hostname="suby-lab" name="devops.numbers.NumberWordsTests" skipped="0" tests="10" time="0.056" timestamp="2018-05-05T03:04:53">
  <properties>
    <property name="ant.project.invoked-targets" value="dist" />
    <property name="java.runtime.name" value="Java(TM) SE Runtime Environment" />
    <property name="sun.boot.library.path" value="/usr/lib/jvm/java-8-oracle/jre/lib/amd64" />
    <property name="java.vm.version" value="25.111-b14" />
    <property name="ant.library.dir" value="/usr/share/ant/lib" />
    <property name="ant.file.Numbers" value="/home/student/devops-project-3/Numbers/build.xml" />
    <property name="ant.version" value="Apache Ant(TM) version 1.9.4 compiled on October 7 2014" />
    <property name="ant.java.version" value="1.8" />
    <property name="java.vm.vendor" value="Oracle Corporation" />
    <property name="java.vendor.url" value="http://java.oracle.com/" />
    <property name="path.separator" value=":" />
    <property name="java.vm.name" value="Java HotSpot(TM) 64-Bit Server VM" />
    <property name="file.encoding.pkg" value="sun.io" />
    <property name="user.country" value="US" />
    <property name="sun.java.launcher" value="SUN_STANDARD" />
    <property name="sun.os.patch.level" value="unknown" />
    <property name="java.vm.specification.name" value="Java Virtual Machine Specification" />
    <property name="user.dir" value="/home/student/devops-project-3/Numbers" />
    <property name="java.runtime.version" value="1.8.0_111-b14" />
    <property name="java.awt.graphicsenv" value="sun.awt.X11GraphicsEnvironment" />
    <property name="basedir" value="/home/student/devops-project-3/Numbers" />
    <property name="java.endorsed.dirs" value="/usr/lib/jvm/java-8-oracle/jre/lib/endorsed" />
    <property name="os.arch" value="amd64" />
    <property name="ant.project.default-target" value="compile" />
    <property name="java.io.tmpdir" value="/tmp" />
    <property name="ant.core.lib" value="/usr/share/ant/lib/ant.jar" />
    <property name="line.separator" value="&#xa;" />
    <property name="java.vm.specification.vendor" value="Oracle Corporation" />
    <property name="os.name" value="Linux" />
    <property name="ant.home" value="/usr/share/ant" />
    <property name="ant.project.name" value="Numbers" />
    <property name="sun.jnu.encoding" value="UTF-8" />
    <property name="java.library.path" value="/usr/java/packages/lib/amd64:/usr/lib64:/lib64:/lib:/usr/lib" />
    <property name="java.specification.name" value="Java Platform API Specification" />
    <property name="java.class.version" value="52.0" />
    <property name="sun.management.compiler" value="HotSpot 64-Bit Tiered Compilers" />
    <property name="os.version" value="3.16.0-4-amd64" />
    <property name="ant.file" value="/home/student/devops-project-3/Numbers/build.xml" />
    <property name="user.home" value="/var/lib/jenkins" />
    <property name="user.timezone" value="" />
    <property name="java.awt.printerjob" value="sun.print.PSPrinterJob" />
    <property name="file.encoding" value="UTF-8" />
    <property name="java.specification.version" value="1.8" />
    <property name="ant.file.type.Numbers" value="file" />
    <property name="java.class.path" value="/home/student/devops-project-3/Numbers/lib/test/hamcrest-core-1.3.jar:/home/student/devops-project-3/Numbers/lib/test/junit-4.12.jar:/home/student/devops-project-3/Numbers/bin:/usr/share/ant/lib/junit.jar:/usr/share/java/ant-launcher-1.9.4.jar:/usr/share/ant/lib/ant.jar:/usr/share/ant/lib/ant-junit.jar:/usr/share/ant/lib/ant-junit4.jar" />
    <property name="user.name" value="jenkins" />
    <property name="java.vm.specification.version" value="1.8" />
    <property name="sun.arch.data.model" value="64" />
    <property name="sun.java.command" value="org.apache.tools.ant.taskdefs.optional.junit.JUnitTestRunner devops.numbers.NumberWordsTests skipNonTests=false filtertrace=true haltOnError=false haltOnFailure=true formatter=org.apache.tools.ant.taskdefs.optional.junit.SummaryJUnitResultFormatter showoutput=false outputtoformatters=true logfailedtests=true threadid=0 logtestlistenerevents=false formatter=org.apache.tools.ant.taskdefs.optional.junit.XMLJUnitResultFormatter,/home/student/devops-project-3/Numbers/report/TEST-devops.numbers.NumberWordsTests.xml crashfile=/home/student/devops-project-3/Numbers/junitvmwatcher1843555836645098844.properties propsfile=/home/student/devops-project-3/Numbers/junit6660261608434602081.properties" />
    <property name="java.home" value="/usr/lib/jvm/java-8-oracle/jre" />
    <property name="java.specification.vendor" value="Oracle Corporation" />
    <property name="user.language" value="en" />
    <property name="awt.toolkit" value="sun.awt.X11.XToolkit" />
    <property name="java.vm.info" value="mixed mode" />
    <property name="java.version" value="1.8.0_111" />
    <property name="java.ext.dirs" value="/usr/lib/jvm/java-8-oracle/jre/lib/ext:/usr/java/packages/lib/ext" />
    <property name="sun.boot.class.path" value="/usr/lib/jvm/java-8-oracle/jre/lib/resources.jar:/usr/lib/jvm/java-8-oracle/jre/lib/rt.jar:/usr/lib/jvm/java-8-oracle/jre/lib/sunrsasign.jar:/usr/lib/jvm/java-8-oracle/jre/lib/jsse.jar:/usr/lib/jvm/java-8-oracle/jre/lib/jce.jar:/usr/lib/jvm/java-8-oracle/jre/lib/charsets.jar:/usr/lib/jvm/java-8-oracle/jre/lib/jfr.jar:/usr/lib/jvm/java-8-oracle/jre/classes" />
    <property name="java.vendor" value="Oracle Corporation" />
    <property name="file.separator" value="/" />
    <property name="jar" value="Numbers.jar" />
    <property name="java.vendor.url.bug" value="http://bugreport.sun.com/bugreport/" />
    <property name="sun.cpu.endian" value="little" />
    <property name="sun.io.unicode.encoding" value="UnicodeLittle" />
    <property name="main-class" value="devops.numbers.NumberWordsApplication" />
    <property name="ant.file.type" value="file" />
    <property name="sun.cpu.isalist" value="" />
  </properties>
  <testcase classname="devops.numbers.NumberWordsTests" name="numberOneReturnsEight" time="0.0" />
  <testcase classname="devops.numbers.NumberWordsTests" name="numberOneReturnsSeven" time="0.0" />
  <testcase classname="devops.numbers.NumberWordsTests" name="numberOneReturnsThree" time="0.0" />
  <testcase classname="devops.numbers.NumberWordsTests" name="numberOutOfRangeReturnsError" time="0.001" />
  <testcase classname="devops.numbers.NumberWordsTests" name="numberOneReturnsOne" time="0.0" />
  <testcase classname="devops.numbers.NumberWordsTests" name="numberOneReturnsSix" time="0.0" />
  <testcase classname="devops.numbers.NumberWordsTests" name="numberOneReturnsTwo" time="0.0" />
  <testcase classname="devops.numbers.NumberWordsTests" name="numberOneReturnsFive" time="0.0" />
  <testcase classname="devops.numbers.NumberWordsTests" name="numberOneReturnsFour" time="0.0" />
  <testcase classname="devops.numbers.NumberWordsTests" name="numberOneReturnsNine" time="0.0" />
  <system-out><![CDATA[]]></system-out>
  <system-err><![CDATA[]]></system-err>
</testsuite>
